mode: set
github.com/chris-miracle/reservations/cmd/web/main.go:24.13,27.16 2 0
github.com/chris-miracle/reservations/cmd/web/main.go:27.16,29.3 1 0
github.com/chris-miracle/reservations/cmd/web/main.go:31.2,40.16 4 0
github.com/chris-miracle/reservations/cmd/web/main.go:40.16,42.3 1 0
github.com/chris-miracle/reservations/cmd/web/main.go:45.18,60.16 10 1
github.com/chris-miracle/reservations/cmd/web/main.go:60.16,63.3 2 0
github.com/chris-miracle/reservations/cmd/web/main.go:65.2,74.12 6 1
github.com/chris-miracle/reservations/cmd/web/middleware.go:9.45,20.2 3 1
github.com/chris-miracle/reservations/cmd/web/middleware.go:23.50,25.2 1 1
github.com/chris-miracle/reservations/cmd/web/routes.go:12.49,38.2 18 1
